<?xml version="1.0" encoding="UTF-8" ?>
<testsuite failures="0" time="3.61" errors="0" skipped="0" tests="2" name="org.myorg.monitor.MonitorTest">
  <properties>
    <property name="java.runtime.name" value="Java(TM) SE Runtime Environment"/>
    <property name="sun.boot.library.path" value="/System/Library/Java/JavaVirtualMachines/1.6.0.jdk/Contents/Libraries"/>
    <property name="java.vm.version" value="20.8-b03-424"/>
    <property name="awt.nativeDoubleBuffering" value="true"/>
    <property name="gopherProxySet" value="false"/>
    <property name="mrj.build" value="11M3720"/>
    <property name="java.vm.vendor" value="Apple Inc."/>
    <property name="java.vendor.url" value="http://www.apple.com/"/>
    <property name="path.separator" value=":"/>
    <property name="java.vm.name" value="Java HotSpot(TM) 64-Bit Server VM"/>
    <property name="file.encoding.pkg" value="sun.io"/>
    <property name="user.country" value="US"/>
    <property name="sun.java.launcher" value="SUN_STANDARD"/>
    <property name="sun.os.patch.level" value="unknown"/>
    <property name="java.vm.specification.name" value="Java Virtual Machine Specification"/>
    <property name="user.dir" value="/Users/srikap/workspace/NodeMetrics/monitor"/>
    <property name="java.runtime.version" value="1.6.0_33-b03-424-11M3720"/>
    <property name="java.awt.graphicsenv" value="apple.awt.CGraphicsEnvironment"/>
    <property name="basedir" value="/Users/srikap/workspace/NodeMetrics/monitor"/>
    <property name="java.endorsed.dirs" value="/System/Library/Java/JavaVirtualMachines/1.6.0.jdk/Contents/Home/lib/endorsed"/>
    <property name="os.arch" value="x86_64"/>
    <property name="surefire.real.class.path" value="/Users/srikap/workspace/NodeMetrics/monitor/target/surefire/surefirebooter4446188539877354658.jar"/>
    <property name="java.io.tmpdir" value="/var/folders/sc/q0pzggc173b_tvwzt2fkskn40000gn/T/"/>
    <property name="line.separator" value="
"/>
    <property name="java.vm.specification.vendor" value="Sun Microsystems Inc."/>
    <property name="os.name" value="Mac OS X"/>
    <property name="sun.jnu.encoding" value="MacRoman"/>
    <property name="java.library.path" value=".:/Library/Java/Extensions:/System/Library/Java/Extensions:/usr/lib/java"/>
    <property name="surefire.test.class.path" value="/Users/srikap/workspace/NodeMetrics/monitor/target/test-classes:/Users/srikap/workspace/NodeMetrics/monitor/target/classes:/Users/srikap/workspace/NodeMetrics/common/target/common-1.0-SNAPSHOT.jar:/Users/srikap/workspace/NodeMetrics/db/target/db-1.0-SNAPSHOT.jar:/Users/srikap/.m2/repository/org/mongodb/mongo-java-driver/2.9.1/mongo-java-driver-2.9.1.jar:/Users/srikap/.m2/repository/junit/junit/4.10/junit-4.10.jar:/Users/srikap/.m2/repository/org/hamcrest/hamcrest-core/1.1/hamcrest-core-1.1.jar:/Users/srikap/.m2/repository/com/sun/jersey/jersey-client/1.14/jersey-client-1.14.jar:/Users/srikap/.m2/repository/com/sun/jersey/jersey-core/1.14/jersey-core-1.14.jar:/Users/srikap/.m2/repository/commons-logging/commons-logging/1.1.1/commons-logging-1.1.1.jar:/Users/srikap/.m2/repository/log4j/log4j/1.2.14/log4j-1.2.14.jar:/Users/srikap/.m2/repository/com/googlecode/json-simple/json-simple/1.1.1/json-simple-1.1.1.jar:/Users/srikap/.m2/repository/com/google/inject/guice/2.0/guice-2.0.jar:/Users/srikap/.m2/repository/aopalliance/aopalliance/1.0/aopalliance-1.0.jar:"/>
    <property name="java.specification.name" value="Java Platform API Specification"/>
    <property name="java.class.version" value="50.0"/>
    <property name="sun.management.compiler" value="HotSpot 64-Bit Tiered Compilers"/>
    <property name="os.version" value="10.7.3"/>
    <property name="http.nonProxyHosts" value="local|*.local|169.254/16|*.169.254/16"/>
    <property name="user.home" value="/Users/srikap"/>
    <property name="user.timezone" value="America/Los_Angeles"/>
    <property name="java.awt.printerjob" value="apple.awt.CPrinterJob"/>
    <property name="java.specification.version" value="1.6"/>
    <property name="file.encoding" value="MacRoman"/>
    <property name="user.name" value="srikap"/>
    <property name="java.class.path" value="/Users/srikap/workspace/NodeMetrics/monitor/target/test-classes:/Users/srikap/workspace/NodeMetrics/monitor/target/classes:/Users/srikap/workspace/NodeMetrics/common/target/common-1.0-SNAPSHOT.jar:/Users/srikap/workspace/NodeMetrics/db/target/db-1.0-SNAPSHOT.jar:/Users/srikap/.m2/repository/org/mongodb/mongo-java-driver/2.9.1/mongo-java-driver-2.9.1.jar:/Users/srikap/.m2/repository/junit/junit/4.10/junit-4.10.jar:/Users/srikap/.m2/repository/org/hamcrest/hamcrest-core/1.1/hamcrest-core-1.1.jar:/Users/srikap/.m2/repository/com/sun/jersey/jersey-client/1.14/jersey-client-1.14.jar:/Users/srikap/.m2/repository/com/sun/jersey/jersey-core/1.14/jersey-core-1.14.jar:/Users/srikap/.m2/repository/commons-logging/commons-logging/1.1.1/commons-logging-1.1.1.jar:/Users/srikap/.m2/repository/log4j/log4j/1.2.14/log4j-1.2.14.jar:/Users/srikap/.m2/repository/com/googlecode/json-simple/json-simple/1.1.1/json-simple-1.1.1.jar:/Users/srikap/.m2/repository/com/google/inject/guice/2.0/guice-2.0.jar:/Users/srikap/.m2/repository/aopalliance/aopalliance/1.0/aopalliance-1.0.jar:"/>
    <property name="java.vm.specification.version" value="1.0"/>
    <property name="sun.arch.data.model" value="64"/>
    <property name="java.home" value="/System/Library/Java/JavaVirtualMachines/1.6.0.jdk/Contents/Home"/>
    <property name="sun.java.command" value="/Users/srikap/workspace/NodeMetrics/monitor/target/surefire/surefirebooter4446188539877354658.jar /Users/srikap/workspace/NodeMetrics/monitor/target/surefire/surefire1384346320791720877tmp /Users/srikap/workspace/NodeMetrics/monitor/target/surefire/surefire237842333527859284tmp"/>
    <property name="java.specification.vendor" value="Sun Microsystems Inc."/>
    <property name="user.language" value="en"/>
    <property name="awt.toolkit" value="apple.awt.CToolkit"/>
    <property name="java.vm.info" value="mixed mode"/>
    <property name="java.version" value="1.6.0_33"/>
    <property name="java.ext.dirs" value="/Library/Java/Extensions:/System/Library/Java/Extensions:/System/Library/Java/JavaVirtualMachines/1.6.0.jdk/Contents/Home/lib/ext"/>
    <property name="sun.boot.class.path" value="/System/Library/Java/JavaVirtualMachines/1.6.0.jdk/Contents/Classes/jsfd.jar:/System/Library/Java/JavaVirtualMachines/1.6.0.jdk/Contents/Classes/classes.jar:/System/Library/Frameworks/JavaVM.framework/Frameworks/JavaRuntimeSupport.framework/Resources/Java/JavaRuntimeSupport.jar:/System/Library/Java/JavaVirtualMachines/1.6.0.jdk/Contents/Classes/ui.jar:/System/Library/Java/JavaVirtualMachines/1.6.0.jdk/Contents/Classes/laf.jar:/System/Library/Java/JavaVirtualMachines/1.6.0.jdk/Contents/Classes/sunrsasign.jar:/System/Library/Java/JavaVirtualMachines/1.6.0.jdk/Contents/Classes/jsse.jar:/System/Library/Java/JavaVirtualMachines/1.6.0.jdk/Contents/Classes/jce.jar:/System/Library/Java/JavaVirtualMachines/1.6.0.jdk/Contents/Classes/charsets.jar"/>
    <property name="java.vendor" value="Apple Inc."/>
    <property name="localRepository" value="/Users/srikap/.m2/repository"/>
    <property name="file.separator" value="/"/>
    <property name="java.vendor.url.bug" value="http://bugreport.apple.com/"/>
    <property name="sun.cpu.endian" value="little"/>
    <property name="sun.io.unicode.encoding" value="UnicodeLittle"/>
    <property name="mrj.version" value="1070.1.6.0_33-424"/>
    <property name="socksNonProxyHosts" value="local|*.local|169.254/16|*.169.254/16"/>
    <property name="ftp.nonProxyHosts" value="local|*.local|169.254/16|*.169.254/16"/>
    <property name="sun.cpu.isalist" value=""/>
  </properties>
  <testcase time="3.063" classname="org.myorg.monitor.MonitorTest" name="service"/>
  <testcase time="0.001" classname="org.myorg.monitor.MonitorTest" name="invalidRequest"/>
</testsuite>